[0.044s] Invoking command in '/home/tom/Documents/github_projects/ros-ws/build/my_cpp_pkg': CMAKE_PREFIX_PATH=/opt/ros/humble /usr/bin/cmake --build /home/tom/Documents/github_projects/ros-ws/build/my_cpp_pkg -- -j6 -l6
[0.247s] [35m[1mConsolidate compiler generated dependencies of target cpp_node[0m
[0.335s] [ 50%] [32mBuilding CXX object CMakeFiles/cpp_node.dir/src/my_first_node.cpp.o[0m
[9.748s] [01m[K/home/tom/Documents/github_projects/ros-ws/src/my_cpp_pkg/src/my_first_node.cpp:[m[K In function â€˜[01m[Kint main(int, char**)[m[Kâ€™:
[9.749s] [01m[K/home/tom/Documents/github_projects/ros-ws/src/my_cpp_pkg/src/my_first_node.cpp:7:5:[m[K [01;31m[Kerror: [m[Kâ€˜[01m[KRCLCPP[m[Kâ€™ was not declared in this scope
[9.749s]     7 |     [01;31m[KRCLCPP[m[K INFO(node -> get_logger(), "Hello Cpp Node");
[9.749s]       |     [01;31m[K^~~~~~[m[K
[10.862s] gmake[2]: *** [CMakeFiles/cpp_node.dir/build.make:76: CMakeFiles/cpp_node.dir/src/my_first_node.cpp.o] Error 1
[10.862s] gmake[1]: *** [CMakeFiles/Makefile2:137: CMakeFiles/cpp_node.dir/all] Error 2
[10.862s] gmake: *** [Makefile:146: all] Error 2
[10.867s] Invoked command in '/home/tom/Documents/github_projects/ros-ws/build/my_cpp_pkg' returned '2': CMAKE_PREFIX_PATH=/opt/ros/humble /usr/bin/cmake --build /home/tom/Documents/github_projects/ros-ws/build/my_cpp_pkg -- -j6 -l6
