[01m[K/home/tomo/ae7785-intro-to-robo/turtlesim_cpp_ws/src/turtlesim_cpp_chaser/src/turtle_cpp_controller.cpp:154:5:[m[K [01;31m[Kerror: [m[Kâ€˜[01m[Kmy_robot_interfaces[m[Kâ€™ does not name a type; did you mean â€˜[01m[Krcl_interfaces[m[Kâ€™?
  154 |     [01;31m[Kmy_robot_interfaces[m[K::msg::Turtle turtle_to_catch_;
      |     [01;31m[K^~~~~~~~~~~~~~~~~~~[m[K
      |     [32m[Krcl_interfaces[m[K
[01m[K/home/tomo/ae7785-intro-to-robo/turtlesim_cpp_ws/src/turtlesim_cpp_chaser/src/turtle_cpp_controller.cpp:158:26:[m[K [01;31m[Kerror: [m[Kâ€˜[01m[Kmy_robot_interfaces[m[Kâ€™ was not declared in this scope; did you mean â€˜[01m[Krcl_interfaces[m[Kâ€™?
  158 |     rclcpp::Subscription<[01;31m[Kmy_robot_interfaces[m[K::msg::TurtleArray>::SharedPtr turtles_to_catch_subscriber_;
      |                          [01;31m[K^~~~~~~~~~~~~~~~~~~[m[K
      |                          [32m[Krcl_interfaces[m[K
[01m[K/home/tomo/ae7785-intro-to-robo/turtlesim_cpp_ws/src/turtlesim_cpp_chaser/src/turtle_cpp_controller.cpp:158:63:[m[K [01;31m[Kerror: [m[Ktemplate argument 1 is invalid
  158 |     rclcpp::Subscription<my_robot_interfaces::msg::TurtleArray[01;31m[K>[m[K::SharedPtr turtles_to_catch_subscriber_;
      |                                                               [01;31m[K^[m[K
[01m[K/home/tomo/ae7785-intro-to-robo/turtlesim_cpp_ws/src/turtlesim_cpp_chaser/src/turtle_cpp_controller.cpp:158:63:[m[K [01;31m[Kerror: [m[Ktemplate argument 3 is invalid
[01m[K/home/tomo/ae7785-intro-to-robo/turtlesim_cpp_ws/src/turtlesim_cpp_chaser/src/turtle_cpp_controller.cpp:158:66:[m[K [01;31m[Kerror: [m[Kexpected â€˜[01m[K;[m[Kâ€™ at end of member declaration
  158 |     rclcpp::Subscription<my_robot_interfaces::msg::TurtleArray>::[01;31m[KSharedPtr[m[K turtles_to_catch_subscriber_;
      |                                                                  [01;31m[K^~~~~~~~~[m[K
      |                                                                           [32m[K;[m[K
[01m[K/home/tomo/ae7785-intro-to-robo/turtlesim_cpp_ws/src/turtlesim_cpp_chaser/src/turtle_cpp_controller.cpp:158:76:[m[K [01;31m[Kerror: [m[Kâ€˜[01m[Kturtles_to_catch_subscriber_[m[Kâ€™ does not name a type
  158 |     rclcpp::Subscription<my_robot_interfaces::msg::TurtleArray>::SharedPtr [01;31m[Kturtles_to_catch_subscriber_[m[K;
      |                                                                            [01;31m[K^~~~~~~~~~~~~~~~~~~~~~~~~~~~[m[K
[01m[K/home/tomo/ae7785-intro-to-robo/turtlesim_cpp_ws/src/turtlesim_cpp_chaser/src/turtle_cpp_controller.cpp:[m[K In constructor â€˜[01m[KTurtleControllerNode::TurtleControllerNode()[m[Kâ€™:
[01m[K/home/tomo/ae7785-intro-to-robo/turtlesim_cpp_ws/src/turtlesim_cpp_chaser/src/turtle_cpp_controller.cpp:20:9:[m[K [01;31m[Kerror: [m[Kâ€˜[01m[Kturtles_to_catch_subscriber_[m[Kâ€™ was not declared in this scope
   20 |         [01;31m[Kturtles_to_catch_subscriber_[m[K = this->create_subscription<turtlesim_cpp_interfaces::msg::TurtleArray>(
      |         [01;31m[K^~~~~~~~~~~~~~~~~~~~~~~~~~~~[m[K
[01m[K/home/tomo/ae7785-intro-to-robo/turtlesim_cpp_ws/src/turtlesim_cpp_chaser/src/turtle_cpp_controller.cpp:[m[K In member function â€˜[01m[Kvoid TurtleControllerNode::callbackTurtlesToCatch(turtlesim_cpp_interfaces::msg::TurtleArray_<std::allocator<void> >::SharedPtr)[m[Kâ€™:
[01m[K/home/tomo/ae7785-intro-to-robo/turtlesim_cpp_ws/src/turtlesim_cpp_chaser/src/turtle_cpp_controller.cpp:60:17:[m[K [01;31m[Kerror: [m[Kâ€˜[01m[Kturtle_to_catch_[m[Kâ€™ was not declared in this scope
   60 |                 [01;31m[Kturtle_to_catch_[m[K = closest_turtle;
      |                 [01;31m[K^~~~~~~~~~~~~~~~[m[K
[01m[K/home/tomo/ae7785-intro-to-robo/turtlesim_cpp_ws/src/turtlesim_cpp_chaser/src/turtle_cpp_controller.cpp:64:17:[m[K [01;31m[Kerror: [m[Kâ€˜[01m[Kturtle_to_catch_[m[Kâ€™ was not declared in this scope
   64 |                 [01;31m[Kturtle_to_catch_[m[K = msg->turtles.at(0);
      |                 [01;31m[K^~~~~~~~~~~~~~~~[m[K
[01m[K/home/tomo/ae7785-intro-to-robo/turtlesim_cpp_ws/src/turtlesim_cpp_chaser/src/turtle_cpp_controller.cpp:[m[K In member function â€˜[01m[Kvoid TurtleControllerNode::controlLoop()[m[Kâ€™:
[01m[K/home/tomo/ae7785-intro-to-robo/turtlesim_cpp_ws/src/turtlesim_cpp_chaser/src/turtle_cpp_controller.cpp:79:31:[m[K [01;31m[Kerror: [m[Kâ€˜[01m[Kturtle_to_catch_[m[Kâ€™ was not declared in this scope
   79 |         if (!turtlesim_up_ || [01;31m[Kturtle_to_catch_[m[K.name == "")
      |                               [01;31m[K^~~~~~~~~~~~~~~~[m[K
[01m[K/home/tomo/ae7785-intro-to-robo/turtlesim_cpp_ws/src/turtlesim_cpp_chaser/src/turtle_cpp_controller.cpp:84:25:[m[K [01;31m[Kerror: [m[Kâ€˜[01m[Kturtle_to_catch_[m[Kâ€™ was not declared in this scope
   84 |         double dist_x = [01;31m[Kturtle_to_catch_[m[K.x - pose_.x;
      |                         [01;31m[K^~~~~~~~~~~~~~~~[m[K
make[2]: *** [CMakeFiles/turtle_cpp_controller.dir/build.make:63: CMakeFiles/turtle_cpp_controller.dir/src/turtle_cpp_controller.cpp.o] Error 1
make[1]: *** [CMakeFiles/Makefile2:107: CMakeFiles/turtle_cpp_controller.dir/all] Error 2
make[1]: *** Waiting for unfinished jobs....
make: *** [Makefile:141: all] Error 2
