[0.054s] Invoking command in '/home/tomo/ae7785-intro-to-robo/turtlesim_cpp_ws/build/turtlesim_cpp_chaser': AMENT_PREFIX_PATH=/home/tomo/ae7785-intro-to-robo/turtlesim_cpp_ws/install/turtlesim_cpp_interfaces:${AMENT_PREFIX_PATH} CMAKE_PREFIX_PATH=/home/tomo/ae7785-intro-to-robo/turtlesim_cpp_ws/install/turtlesim_cpp_interfaces:/home/tomo/ae7785-intro-to-robo/turtlesim_cpp_ws/install/turtlesim_cpp_chaser:/home/tomo/ae7785-intro-to-robo/turtlesim_ws/install/turtlesim_bringup:/home/tomo/ae7785-intro-to-robo/turtlesim_ws/install/turtlesim_interfaces:/home/tomo/ae7785-intro-to-robo/turtlesim_ws/install/my_robot_interfaces:/home/tomo/Documents/turtlebot3_ws/install/turtlebot3:/home/tomo/Documents/turtlebot3_ws/install/turtlebot3_simulations:/home/tomo/Documents/turtlebot3_ws/install/turtlebot3_bringup:/home/tomo/Documents/turtlebot3_ws/install/turtlebot3_node:/home/tomo/Documents/turtlebot3_ws/install/turtlebot3_navigation2:/home/tomo/Documents/turtlebot3_ws/install/turtlebot3_fake_node:/home/tomo/Documents/turtlebot3_ws/install/turtlebot3_msgs:/home/tomo/Documents/turtlebot3_ws/install/turtlebot3_gazebo:/home/tomo/Documents/turtlebot3_ws/install/turtlebot3_description:/home/tomo/Documents/turtlebot3_ws/install/turtlebot3_cartographer:/home/tomo/Documents/turtlebot3_ws/install/dynamixel_sdk_examples:/home/tomo/Documents/turtlebot3_ws/install/dynamixel_sdk_custom_interfaces:/home/tomo/Documents/turtlebot3_ws/install/dynamixel_sdk:/home/tomo/ae7785-intro-to-robo/turtlesim_ws/install/turtlesim_chaser:/home/tomo/Documents/turtlebot3_ws/install/turtlebot3_teleop:/home/tomo/Documents/turtlebot3_ws/install/turtlebot3_example:/opt/ros/foxy LD_LIBRARY_PATH=/home/tomo/ae7785-intro-to-robo/turtlesim_cpp_ws/install/turtlesim_cpp_interfaces/lib:${LD_LIBRARY_PATH} PYTHONPATH=/home/tomo/ae7785-intro-to-robo/turtlesim_cpp_ws/install/turtlesim_cpp_interfaces/lib/python3.8/site-packages:${PYTHONPATH} /usr/bin/cmake --build /home/tomo/ae7785-intro-to-robo/turtlesim_cpp_ws/build/turtlesim_cpp_chaser -- -j6 -l6
[0.149s] [35m[1mScanning dependencies of target turtle_cpp_controller[0m
[0.182s] [ 25%] [32mBuilding CXX object CMakeFiles/turtle_cpp_spawner.dir/src/turtle_cpp_spawner.cpp.o[0m
[0.208s] [ 50%] [32mBuilding CXX object CMakeFiles/turtle_cpp_controller.dir/src/turtle_cpp_controller.cpp.o[0m
[2.820s] [01m[K/home/tomo/ae7785-intro-to-robo/turtlesim_cpp_ws/src/turtlesim_cpp_chaser/src/turtle_cpp_controller.cpp:154:5:[m[K [01;31m[Kerror: [m[Kâ€˜[01m[Kmy_robot_interfaces[m[Kâ€™ does not name a type; did you mean â€˜[01m[Krcl_interfaces[m[Kâ€™?
[2.820s]   154 |     [01;31m[Kmy_robot_interfaces[m[K::msg::Turtle turtle_to_catch_;
[2.821s]       |     [01;31m[K^~~~~~~~~~~~~~~~~~~[m[K
[2.821s]       |     [32m[Krcl_interfaces[m[K
[2.954s] [01m[K/home/tomo/ae7785-intro-to-robo/turtlesim_cpp_ws/src/turtlesim_cpp_chaser/src/turtle_cpp_controller.cpp:158:26:[m[K [01;31m[Kerror: [m[Kâ€˜[01m[Kmy_robot_interfaces[m[Kâ€™ was not declared in this scope; did you mean â€˜[01m[Krcl_interfaces[m[Kâ€™?
[2.955s]   158 |     rclcpp::Subscription<[01;31m[Kmy_robot_interfaces[m[K::msg::TurtleArray>::SharedPtr turtles_to_catch_subscriber_;
[2.955s]       |                          [01;31m[K^~~~~~~~~~~~~~~~~~~[m[K
[2.955s]       |                          [32m[Krcl_interfaces[m[K
[2.955s] [01m[K/home/tomo/ae7785-intro-to-robo/turtlesim_cpp_ws/src/turtlesim_cpp_chaser/src/turtle_cpp_controller.cpp:158:63:[m[K [01;31m[Kerror: [m[Ktemplate argument 1 is invalid
[2.956s]   158 |     rclcpp::Subscription<my_robot_interfaces::msg::TurtleArray[01;31m[K>[m[K::SharedPtr turtles_to_catch_subscriber_;
[2.956s]       |                                                               [01;31m[K^[m[K
[2.956s] [01m[K/home/tomo/ae7785-intro-to-robo/turtlesim_cpp_ws/src/turtlesim_cpp_chaser/src/turtle_cpp_controller.cpp:158:63:[m[K [01;31m[Kerror: [m[Ktemplate argument 3 is invalid
[2.956s] [01m[K/home/tomo/ae7785-intro-to-robo/turtlesim_cpp_ws/src/turtlesim_cpp_chaser/src/turtle_cpp_controller.cpp:158:66:[m[K [01;31m[Kerror: [m[Kexpected â€˜[01m[K;[m[Kâ€™ at end of member declaration
[2.956s]   158 |     rclcpp::Subscription<my_robot_interfaces::msg::TurtleArray>::[01;31m[KSharedPtr[m[K turtles_to_catch_subscriber_;
[2.957s]       |                                                                  [01;31m[K^~~~~~~~~[m[K
[2.957s]       |                                                                           [32m[K;[m[K
[2.972s] [01m[K/home/tomo/ae7785-intro-to-robo/turtlesim_cpp_ws/src/turtlesim_cpp_chaser/src/turtle_cpp_controller.cpp:158:76:[m[K [01;31m[Kerror: [m[Kâ€˜[01m[Kturtles_to_catch_subscriber_[m[Kâ€™ does not name a type
[2.972s]   158 |     rclcpp::Subscription<my_robot_interfaces::msg::TurtleArray>::SharedPtr [01;31m[Kturtles_to_catch_subscriber_[m[K;
[2.972s]       |                                                                            [01;31m[K^~~~~~~~~~~~~~~~~~~~~~~~~~~~[m[K
[2.997s] [01m[K/home/tomo/ae7785-intro-to-robo/turtlesim_cpp_ws/src/turtlesim_cpp_chaser/src/turtle_cpp_spawner.cpp:[m[K In constructor â€˜[01m[KTurtleSpawnerNode::TurtleSpawnerNode()[m[Kâ€™:
[2.998s] [01m[K/home/tomo/ae7785-intro-to-robo/turtlesim_cpp_ws/src/turtlesim_cpp_chaser/src/turtle_cpp_spawner.cpp:17:36:[m[K [01;31m[Kerror: [m[Kâ€˜[01m[Kmy_robot_interfaces[m[Kâ€™ was not declared in this scope; did you mean â€˜[01m[Krcl_interfaces[m[Kâ€™?
[2.998s]    17 |             this->create_publisher<[01;31m[Kmy_robot_interfaces[m[K::msg::TurtleArray>("alive_turtles", 10);
[2.998s]       |                                    [01;31m[K^~~~~~~~~~~~~~~~~~~[m[K
[2.998s]       |                                    [32m[Krcl_interfaces[m[K
[2.999s] [01m[K/home/tomo/ae7785-intro-to-robo/turtlesim_cpp_ws/src/turtlesim_cpp_chaser/src/turtle_cpp_spawner.cpp:17:19:[m[K [01;31m[Kerror: [m[Kparse error in template argument list
[2.999s]    17 |             this->[01;31m[Kcreate_publisher<my_robot_interfaces::msg::TurtleArray>[m[K("alive_turtles", 10);
[2.999s]       |                   [01;31m[K^~~~~~~~~~~~~~~~~~~~~~~~~~~~~~~~~~~~~~~~~~~~~~~~~~~~~~~[m[K
[2.999s] [01m[K/home/tomo/ae7785-intro-to-robo/turtlesim_cpp_ws/src/turtlesim_cpp_chaser/src/turtle_cpp_spawner.cpp:17:94:[m[K [01;31m[Kerror: [m[Kno matching function for call to â€˜[01m[KTurtleSpawnerNode::create_publisher<<expression error> >(const char [14], int)[m[Kâ€™
[3.000s]    17 |             this->create_publisher<my_robot_interfaces::msg::TurtleArray>("alive_turtles", 10[01;31m[K)[m[K;
[3.000s]       |                                                                                              [01;31m[K^[m[K
[3.000s] In file included from [01m[K/opt/ros/foxy/include/rclcpp/executors/single_threaded_executor.hpp:28[m[K,
[3.009s]                  from [01m[K/opt/ros/foxy/include/rclcpp/executors.hpp:22[m[K,
[3.009s]                  from [01m[K/opt/ros/foxy/include/rclcpp/rclcpp.hpp:146[m[K,
[3.010s]                  from [01m[K/home/tomo/ae7785-intro-to-robo/turtlesim_cpp_ws/src/turtlesim_cpp_chaser/src/turtle_cpp_spawner.cpp:1[m[K:
[3.010s] [01m[K/opt/ros/foxy/include/rclcpp/node.hpp:184:3:[m[K [01;36m[Knote: [m[Kcandidate: â€˜[01m[Ktemplate<class MessageT, class AllocatorT, class PublisherT> std::shared_ptr<PublisherT> rclcpp::Node::create_publisher(const string&, const rclcpp::QoS&, const rclcpp::PublisherOptionsWithAllocator<AllocatorT>&)[m[Kâ€™
[3.010s]   184 |   [01;36m[Kcreate_publisher[m[K(
[3.010s]       |   [01;36m[K^~~~~~~~~~~~~~~~[m[K
[3.011s] [01m[K/opt/ros/foxy/include/rclcpp/node.hpp:184:3:[m[K [01;36m[Knote: [m[K  template argument deduction/substitution failed:
[3.011s] [01m[K/home/tomo/ae7785-intro-to-robo/turtlesim_cpp_ws/src/turtlesim_cpp_chaser/src/turtle_cpp_spawner.cpp:17:94:[m[K [01;31m[Kerror: [m[Ktemplate argument 1 is invalid
[3.011s]    17 |             this->create_publisher<my_robot_interfaces::msg::TurtleArray>("alive_turtles", 10[01;31m[K)[m[K;
[3.011s]       |                                                                                              [01;31m[K^[m[K
[3.062s] [01m[K/home/tomo/ae7785-intro-to-robo/turtlesim_cpp_ws/src/turtlesim_cpp_chaser/src/turtle_cpp_controller.cpp:[m[K In constructor â€˜[01m[KTurtleControllerNode::TurtleControllerNode()[m[Kâ€™:
[3.063s] [01m[K/home/tomo/ae7785-intro-to-robo/turtlesim_cpp_ws/src/turtlesim_cpp_chaser/src/turtle_cpp_controller.cpp:20:9:[m[K [01;31m[Kerror: [m[Kâ€˜[01m[Kturtles_to_catch_subscriber_[m[Kâ€™ was not declared in this scope
[3.063s]    20 |         [01;31m[Kturtles_to_catch_subscriber_[m[K = this->create_subscription<turtlesim_cpp_interfaces::msg::TurtleArray>(
[3.063s]       |         [01;31m[K^~~~~~~~~~~~~~~~~~~~~~~~~~~~[m[K
[3.228s] [01m[K/home/tomo/ae7785-intro-to-robo/turtlesim_cpp_ws/src/turtlesim_cpp_chaser/src/turtle_cpp_controller.cpp:[m[K In member function â€˜[01m[Kvoid TurtleControllerNode::callbackTurtlesToCatch(turtlesim_cpp_interfaces::msg::TurtleArray_<std::allocator<void> >::SharedPtr)[m[Kâ€™:
[3.228s] [01m[K/home/tomo/ae7785-intro-to-robo/turtlesim_cpp_ws/src/turtlesim_cpp_chaser/src/turtle_cpp_controller.cpp:60:17:[m[K [01;31m[Kerror: [m[Kâ€˜[01m[Kturtle_to_catch_[m[Kâ€™ was not declared in this scope
[3.228s]    60 |                 [01;31m[Kturtle_to_catch_[m[K = closest_turtle;
[3.229s]       |                 [01;31m[K^~~~~~~~~~~~~~~~[m[K
[3.253s] [01m[K/home/tomo/ae7785-intro-to-robo/turtlesim_cpp_ws/src/turtlesim_cpp_chaser/src/turtle_cpp_controller.cpp:64:17:[m[K [01;31m[Kerror: [m[Kâ€˜[01m[Kturtle_to_catch_[m[Kâ€™ was not declared in this scope
[3.253s]    64 |                 [01;31m[Kturtle_to_catch_[m[K = msg->turtles.at(0);
[3.254s]       |                 [01;31m[K^~~~~~~~~~~~~~~~[m[K
[3.321s] [01m[K/home/tomo/ae7785-intro-to-robo/turtlesim_cpp_ws/src/turtlesim_cpp_chaser/src/turtle_cpp_controller.cpp:[m[K In member function â€˜[01m[Kvoid TurtleControllerNode::controlLoop()[m[Kâ€™:
[3.321s] [01m[K/home/tomo/ae7785-intro-to-robo/turtlesim_cpp_ws/src/turtlesim_cpp_chaser/src/turtle_cpp_controller.cpp:79:31:[m[K [01;31m[Kerror: [m[Kâ€˜[01m[Kturtle_to_catch_[m[Kâ€™ was not declared in this scope
[3.321s]    79 |         if (!turtlesim_up_ || [01;31m[Kturtle_to_catch_[m[K.name == "")
[3.322s]       |                               [01;31m[K^~~~~~~~~~~~~~~~[m[K
[3.349s] [01m[K/home/tomo/ae7785-intro-to-robo/turtlesim_cpp_ws/src/turtlesim_cpp_chaser/src/turtle_cpp_controller.cpp:84:25:[m[K [01;31m[Kerror: [m[Kâ€˜[01m[Kturtle_to_catch_[m[Kâ€™ was not declared in this scope
[3.349s]    84 |         double dist_x = [01;31m[Kturtle_to_catch_[m[K.x - pose_.x;
[3.350s]       |                         [01;31m[K^~~~~~~~~~~~~~~~[m[K
[3.367s] [01m[K/home/tomo/ae7785-intro-to-robo/turtlesim_cpp_ws/src/turtlesim_cpp_chaser/src/turtle_cpp_controller.cpp:[m[K In member function â€˜[01m[Kvoid TurtleControllerNode::callCatchTurtleService(std::string)[m[Kâ€™:
[3.367s] [01m[K/home/tomo/ae7785-intro-to-robo/turtlesim_cpp_ws/src/turtlesim_cpp_chaser/src/turtle_cpp_controller.cpp:125:43:[m[K [01;31m[Kerror: [m[Kâ€˜[01m[Kmy_robot_interfaces[m[Kâ€™ was not declared in this scope; did you mean â€˜[01m[Krcl_interfaces[m[Kâ€™?
[3.368s]   125 |         auto client = this->create_client<[01;31m[Kmy_robot_interfaces[m[K::srv::CatchTurtle>("catch_turtle");
[3.368s]       |                                           [01;31m[K^~~~~~~~~~~~~~~~~~~[m[K
[3.368s]       |                                           [32m[Krcl_interfaces[m[K
[3.369s] [01m[K/home/tomo/ae7785-intro-to-robo/turtlesim_cpp_ws/src/turtlesim_cpp_chaser/src/turtle_cpp_controller.cpp:125:29:[m[K [01;31m[Kerror: [m[Kparse error in template argument list
[3.369s]   125 |         auto client = this->[01;31m[Kcreate_client<my_robot_interfaces::srv::CatchTurtle>[m[K("catch_turtle");
[3.370s]       |                             [01;31m[K^~~~~~~~~~~~~~~~~~~~~~~~~~~~~~~~~~~~~~~~~~~~~~~~~~~~[m[K
[3.370s] [01m[K/home/tomo/ae7785-intro-to-robo/turtlesim_cpp_ws/src/turtlesim_cpp_chaser/src/turtle_cpp_controller.cpp:125:96:[m[K [01;31m[Kerror: [m[Kno matching function for call to â€˜[01m[KTurtleControllerNode::create_client<<expression error> >(const char [13])[m[Kâ€™
[3.370s]   125 |         auto client = this->create_client<my_robot_interfaces::srv::CatchTurtle>("catch_turtle"[01;31m[K)[m[K;
[3.371s]       |                                                                                                [01;31m[K^[m[K
[3.371s] In file included from [01m[K/opt/ros/foxy/include/rclcpp/executors/single_threaded_executor.hpp:28[m[K,
[3.371s]                  from [01m[K/opt/ros/foxy/include/rclcpp/executors.hpp:22[m[K,
[3.372s]                  from [01m[K/opt/ros/foxy/include/rclcpp/rclcpp.hpp:146[m[K,
[3.372s]                  from [01m[K/home/tomo/ae7785-intro-to-robo/turtlesim_cpp_ws/src/turtlesim_cpp_chaser/src/turtle_cpp_controller.cpp:1[m[K:
[3.372s] [01m[K/opt/ros/foxy/include/rclcpp/node.hpp:246:3:[m[K [01;36m[Knote: [m[Kcandidate: â€˜[01m[Ktemplate<class ServiceT> typename rclcpp::Client<ServiceT>::SharedPtr rclcpp::Node::create_client(const string&, const rmw_qos_profile_t&, rclcpp::CallbackGroup::SharedPtr)[m[Kâ€™
[3.372s]   246 |   [01;36m[Kcreate_client[m[K(
[3.372s]       |   [01;36m[K^~~~~~~~~~~~~[m[K
[3.372s] [01m[K/opt/ros/foxy/include/rclcpp/node.hpp:246:3:[m[K [01;36m[Knote: [m[K  template argument deduction/substitution failed:
[3.373s] [01m[K/home/tomo/ae7785-intro-to-robo/turtlesim_cpp_ws/src/turtlesim_cpp_chaser/src/turtle_cpp_controller.cpp:125:96:[m[K [01;31m[Kerror: [m[Ktemplate argument 1 is invalid
[3.373s]   125 |         auto client = this->create_client<my_robot_interfaces::srv::CatchTurtle>("catch_turtle"[01;31m[K)[m[K;
[3.373s]       |                                                                                                [01;31m[K^[m[K
[6.434s] make[2]: *** [CMakeFiles/turtle_cpp_spawner.dir/build.make:63: CMakeFiles/turtle_cpp_spawner.dir/src/turtle_cpp_spawner.cpp.o] Error 1
[6.435s] make[1]: *** [CMakeFiles/Makefile2:80: CMakeFiles/turtle_cpp_spawner.dir/all] Error 2
[6.435s] make[1]: *** Waiting for unfinished jobs....
[8.827s] make[2]: *** [CMakeFiles/turtle_cpp_controller.dir/build.make:63: CMakeFiles/turtle_cpp_controller.dir/src/turtle_cpp_controller.cpp.o] Error 1
[8.827s] make[1]: *** [CMakeFiles/Makefile2:107: CMakeFiles/turtle_cpp_controller.dir/all] Error 2
[8.828s] make: *** [Makefile:141: all] Error 2
[8.834s] Invoked command in '/home/tomo/ae7785-intro-to-robo/turtlesim_cpp_ws/build/turtlesim_cpp_chaser' returned '2': AMENT_PREFIX_PATH=/home/tomo/ae7785-intro-to-robo/turtlesim_cpp_ws/install/turtlesim_cpp_interfaces:${AMENT_PREFIX_PATH} CMAKE_PREFIX_PATH=/home/tomo/ae7785-intro-to-robo/turtlesim_cpp_ws/install/turtlesim_cpp_interfaces:/home/tomo/ae7785-intro-to-robo/turtlesim_cpp_ws/install/turtlesim_cpp_chaser:/home/tomo/ae7785-intro-to-robo/turtlesim_ws/install/turtlesim_bringup:/home/tomo/ae7785-intro-to-robo/turtlesim_ws/install/turtlesim_interfaces:/home/tomo/ae7785-intro-to-robo/turtlesim_ws/install/my_robot_interfaces:/home/tomo/Documents/turtlebot3_ws/install/turtlebot3:/home/tomo/Documents/turtlebot3_ws/install/turtlebot3_simulations:/home/tomo/Documents/turtlebot3_ws/install/turtlebot3_bringup:/home/tomo/Documents/turtlebot3_ws/install/turtlebot3_node:/home/tomo/Documents/turtlebot3_ws/install/turtlebot3_navigation2:/home/tomo/Documents/turtlebot3_ws/install/turtlebot3_fake_node:/home/tomo/Documents/turtlebot3_ws/install/turtlebot3_msgs:/home/tomo/Documents/turtlebot3_ws/install/turtlebot3_gazebo:/home/tomo/Documents/turtlebot3_ws/install/turtlebot3_description:/home/tomo/Documents/turtlebot3_ws/install/turtlebot3_cartographer:/home/tomo/Documents/turtlebot3_ws/install/dynamixel_sdk_examples:/home/tomo/Documents/turtlebot3_ws/install/dynamixel_sdk_custom_interfaces:/home/tomo/Documents/turtlebot3_ws/install/dynamixel_sdk:/home/tomo/ae7785-intro-to-robo/turtlesim_ws/install/turtlesim_chaser:/home/tomo/Documents/turtlebot3_ws/install/turtlebot3_teleop:/home/tomo/Documents/turtlebot3_ws/install/turtlebot3_example:/opt/ros/foxy LD_LIBRARY_PATH=/home/tomo/ae7785-intro-to-robo/turtlesim_cpp_ws/install/turtlesim_cpp_interfaces/lib:${LD_LIBRARY_PATH} PYTHONPATH=/home/tomo/ae7785-intro-to-robo/turtlesim_cpp_ws/install/turtlesim_cpp_interfaces/lib/python3.8/site-packages:${PYTHONPATH} /usr/bin/cmake --build /home/tomo/ae7785-intro-to-robo/turtlesim_cpp_ws/build/turtlesim_cpp_chaser -- -j6 -l6
