[0.096s] Invoking command in '/home/tom/Documents/github_projects/ros-ws/build/my_cpp_pkg': CMAKE_PREFIX_PATH=/opt/ros/humble /usr/bin/cmake --build /home/tom/Documents/github_projects/ros-ws/build/my_cpp_pkg -- -j6 -l6
[0.216s] -- Found ament_cmake: 1.3.2 (/opt/ros/humble/share/ament_cmake/cmake)
[0.470s] -- Found rclcpp: 16.0.1 (/opt/ros/humble/share/rclcpp/cmake)
[0.545s] -- Found rosidl_generator_c: 3.1.3 (/opt/ros/humble/share/rosidl_generator_c/cmake)
[0.552s] -- Found rosidl_adapter: 3.1.3 (/opt/ros/humble/share/rosidl_adapter/cmake)
[0.566s] -- Found rosidl_generator_cpp: 3.1.3 (/opt/ros/humble/share/rosidl_generator_cpp/cmake)
[0.590s] -- Using all available rosidl_typesupport_c: rosidl_typesupport_fastrtps_c;rosidl_typesupport_introspection_c
[0.615s] -- Using all available rosidl_typesupport_cpp: rosidl_typesupport_fastrtps_cpp;rosidl_typesupport_introspection_cpp
[0.725s] -- Found rmw_implementation_cmake: 6.1.0 (/opt/ros/humble/share/rmw_implementation_cmake/cmake)
[0.729s] -- Found rmw_fastrtps_cpp: 6.2.1 (/opt/ros/humble/share/rmw_fastrtps_cpp/cmake)
[0.908s] -- Using RMW implementation 'rmw_fastrtps_cpp' as default
[1.317s] -- Configuring done
[1.363s] -- Generating done
[1.382s] -- Build files have been written to: /home/tom/Documents/github_projects/ros-ws/build/my_cpp_pkg
[1.483s] [ 50%] [32mBuilding CXX object CMakeFiles/cpp_node.dir/src/my_first_node.cpp.o[0m
[10.672s] [01m[K/home/tom/Documents/github_projects/ros-ws/src/my_cpp_pkg/src/my_first_node.cpp:[m[K In function â€˜[01m[Kint main(int, char**)[m[Kâ€™:
[10.672s] [01m[K/home/tom/Documents/github_projects/ros-ws/src/my_cpp_pkg/src/my_first_node.cpp:5:29:[m[K [01;31m[Kerror: [m[Kexpected â€˜[01m[K;[m[Kâ€™ before â€˜[01m[Kauto[m[Kâ€™
[10.673s]     5 |     rclcpp::init(args, argv)
[10.673s]       |                             [01;31m[K^[m[K
[10.673s]       |                             [32m[K;[m[K
[10.673s]     6 |     [32m[Kauto[m[K node = std::make_shared <rclcpp::Node>("cpp_test");
[10.673s]       |     [32m[K~~~~[m[K                     
[10.676s] [01m[K/home/tom/Documents/github_projects/ros-ws/src/my_cpp_pkg/src/my_first_node.cpp:7:5:[m[K [01;31m[Kerror: [m[Kâ€˜[01m[KRCLCPP[m[Kâ€™ was not declared in this scope
[10.676s]     7 |     [01;31m[KRCLCPP[m[K INFO(node -> get_logger(), "Hello Cpp Node");
[10.676s]       |     [01;31m[K^~~~~~[m[K
[10.679s] [01m[K/home/tom/Documents/github_projects/ros-ws/src/my_cpp_pkg/src/my_first_node.cpp:8:18:[m[K [01;31m[Kerror: [m[Kâ€˜[01m[Knode[m[Kâ€™ was not declared in this scope
[10.679s]     8 |     rclcpp::spin([01;31m[Knode[m[K);
[10.680s]       |                  [01;31m[K^~~~[m[K
[11.590s] gmake[2]: *** [CMakeFiles/cpp_node.dir/build.make:76: CMakeFiles/cpp_node.dir/src/my_first_node.cpp.o] Error 1
[11.590s] gmake[1]: *** [CMakeFiles/Makefile2:137: CMakeFiles/cpp_node.dir/all] Error 2
[11.591s] gmake: *** [Makefile:146: all] Error 2
[11.595s] Invoked command in '/home/tom/Documents/github_projects/ros-ws/build/my_cpp_pkg' returned '2': CMAKE_PREFIX_PATH=/opt/ros/humble /usr/bin/cmake --build /home/tom/Documents/github_projects/ros-ws/build/my_cpp_pkg -- -j6 -l6
